BOOK_RESPONSE[9]: BID | NULL        | NULL        | NULL        | NULL        | 610[1]@1000000 || NULL         | NULL         | NULL         | NULL         | NULL         | ASK
BOOK_RESPONSE[9]: BID | NULL        | NULL        | NULL        | NULL        | 610[1]@1000000 || 700[1]@1020000 | NULL         | NULL         | NULL         | NULL         | ASK
BOOK_RESPONSE[9]: BID | NULL        | NULL        | NULL        | 340[7]@990000 | 610[1]@1000000 || 700[1]@1020000 | NULL         | NULL         | NULL         | NULL         | ASK
BOOK_RESPONSE[9]: BID | NULL        | NULL        | NULL        | 340[7]@990000 | 610[1]@1000000 || 700[1]@1020000 | 400[1]@1030000 | NULL         | NULL         | NULL         | ASK
BOOK_RESPONSE[9]: BID | NULL        | NULL        | 60[7]@980000 | 340[7]@990000 | 610[1]@1000000 || 700[1]@1020000 | 400[1]@1030000 | NULL         | NULL         | NULL         | ASK
BOOK_RESPONSE[9]: BID | NULL        | NULL        | 60[7]@980000 | 340[7]@990000 | 610[1]@1000000 || 700[1]@1020000 | 400[1]@1030000 | 30[5]@1040000 | NULL         | NULL         | ASK
BOOK_RESPONSE[9]: BID | NULL        | 230[7]@970000 | 60[7]@980000 | 340[7]@990000 | 610[1]@1000000 || 700[1]@1020000 | 400[1]@1030000 | 30[5]@1040000 | NULL         | NULL         | ASK
BOOK_RESPONSE[9]: BID | NULL        | 230[7]@970000 | 60[7]@980000 | 340[7]@990000 | 610[1]@1000000 || 700[1]@1020000 | 400[1]@1030000 | 30[5]@1040000 | 630[6]@1050000 | NULL         | ASK
BOOK_RESPONSE[9]: BID | 770[3]@960000 | 230[7]@970000 | 60[7]@980000 | 340[7]@990000 | 610[1]@1000000 || 700[1]@1020000 | 400[1]@1030000 | 30[5]@1040000 | 630[6]@1050000 | NULL         | ASK
BOOK_RESPONSE[9]: BID | 770[3]@960000 | 230[7]@970000 | 60[7]@980000 | 340[7]@990000 | 610[1]@1000000 || 700[1]@1020000 | 400[1]@1030000 | 30[5]@1040000 | 630[6]@1050000 | 190[9]@1060000 | ASK
BOOK_RESPONSE[9]: BID | 230[7]@970000 | 60[7]@980000 | 340[7]@990000 | 610[1]@1000000 | 190[1]@1005000 || 700[1]@1020000 | 400[1]@1030000 | 30[5]@1040000 | 630[6]@1050000 | 190[9]@1060000 | ASK
BOOK_RESPONSE[9]: BID | 230[7]@970000 | 60[7]@980000 | 340[7]@990000 | 610[1]@1000000 | 190[1]@1005000 || 700[1]@1025000 | 400[1]@1030000 | 30[5]@1040000 | 630[6]@1050000 | 190[9]@1060000 | ASK
BOOK_RESPONSE[9]: BID | 60[7]@980000 | 340[7]@990000 | 610[1]@1000000 | 190[1]@1005000 | 330[6]@1010000 || 700[1]@1025000 | 400[1]@1030000 | 30[5]@1040000 | 630[6]@1050000 | 190[9]@1060000 | ASK
BOOK_RESPONSE[9]: BID | 60[7]@980000 | 340[7]@990000 | 610[1]@1000000 | 190[1]@1005000 | 330[6]@1010000 || 400[1]@1030000 | 30[5]@1040000 | 630[6]@1050000 | 190[9]@1060000 | NULL         | ASK
BOOK_RESPONSE[9]: BID | 60[7]@980000 | 340[7]@990000 | 610[1]@1000000 | 190[1]@1005000 | 330[6]@1010000 || 400[1]@1030000 | 30[5]@1040000 | 630[6]@1050000 | 190[9]@1060000 | 40[9]@1070000 | ASK
BOOK_RESPONSE[9]: BID | 340[7]@990000 | 610[1]@1000000 | 190[1]@1005000 | 330[6]@1010000 | 150[7]@1015000 || 400[1]@1030000 | 30[5]@1040000 | 630[6]@1050000 | 190[9]@1060000 | 40[9]@1070000 | ASK
BOOK_RESPONSE[9]: BID | 340[7]@990000 | 610[1]@1000000 | 190[1]@1005000 | 330[6]@1010000 | 150[7]@1015000 || 400[1]@1035000 | 30[5]@1040000 | 630[6]@1050000 | 190[9]@1060000 | 40[9]@1070000 | ASK
BOOK_RESPONSE[9]: BID | 610[1]@1000000 | 190[1]@1005000 | 330[6]@1010000 | 150[7]@1015000 | 970[8]@1020000 || 400[1]@1035000 | 30[5]@1040000 | 630[6]@1050000 | 190[9]@1060000 | 40[9]@1070000 | ASK
BOOK_RESPONSE[9]: BID | 610[1]@1000000 | 190[1]@1005000 | 330[6]@1010000 | 150[7]@1015000 | 970[8]@1020000 || 30[5]@1040000 | 630[6]@1050000 | 190[9]@1060000 | 40[9]@1070000 | NULL         | ASK
BOOK_RESPONSE[9]: BID | 610[1]@1000000 | 190[1]@1005000 | 330[6]@1010000 | 150[7]@1015000 | 970[8]@1020000 || 30[5]@1040000 | 630[6]@1050000 | 190[9]@1060000 | 40[9]@1070000 | 60[3]@1080000 | ASK
BOOK_RESPONSE[9]: BID | 190[1]@1005000 | 330[6]@1010000 | 150[7]@1015000 | 970[8]@1020000 | 480[9]@1025000 || 30[5]@1040000 | 630[6]@1050000 | 190[9]@1060000 | 40[9]@1070000 | 60[3]@1080000 | ASK
BOOK_RESPONSE[9]: BID | 190[1]@1005000 | 330[6]@1010000 | 150[7]@1015000 | 970[8]@1020000 | 480[9]@1025000 || 30[5]@1045000 | 630[6]@1050000 | 190[9]@1060000 | 40[9]@1070000 | 60[3]@1080000 | ASK
BOOK_RESPONSE[9]: BID | 330[6]@1010000 | 150[7]@1015000 | 970[8]@1020000 | 480[9]@1025000 | 590[9]@1030000 || 30[5]@1045000 | 630[6]@1050000 | 190[9]@1060000 | 40[9]@1070000 | 60[3]@1080000 | ASK
BOOK_RESPONSE[9]: BID | 330[6]@1010000 | 150[7]@1015000 | 970[8]@1020000 | 480[9]@1025000 | 590[9]@1030000 || 630[6]@1050000 | 190[9]@1060000 | 40[9]@1070000 | 60[3]@1080000 | NULL         | ASK
BOOK_RESPONSE[9]: BID | 330[6]@1010000 | 150[7]@1015000 | 970[8]@1020000 | 480[9]@1025000 | 590[9]@1030000 || 630[6]@1050000 | 190[9]@1060000 | 40[9]@1070000 | 60[3]@1080000 | 300[5]@1090000 | ASK
BOOK_RESPONSE[9]: BID | 150[7]@1015000 | 970[8]@1020000 | 480[9]@1025000 | 590[9]@1030000 | 350[9]@1035000 || 630[6]@1050000 | 190[9]@1060000 | 40[9]@1070000 | 60[3]@1080000 | 300[5]@1090000 | ASK
BOOK_RESPONSE[9]: BID | 150[7]@1015000 | 970[8]@1020000 | 480[9]@1025000 | 590[9]@1030000 | 350[9]@1035000 || 630[6]@1055000 | 190[9]@1060000 | 40[9]@1070000 | 60[3]@1080000 | 300[5]@1090000 | ASK
BOOK_RESPONSE[9]: BID | 970[8]@1020000 | 480[9]@1025000 | 590[9]@1030000 | 350[9]@1035000 | 300[6]@1040000 || 630[6]@1055000 | 190[9]@1060000 | 40[9]@1070000 | 60[3]@1080000 | 300[5]@1090000 | ASK
BOOK_RESPONSE[9]: BID | 970[8]@1020000 | 480[9]@1025000 | 590[9]@1030000 | 350[9]@1035000 | 300[6]@1040000 || 190[9]@1060000 | 40[9]@1070000 | 60[3]@1080000 | 300[5]@1090000 | NULL         | ASK
BOOK_RESPONSE[9]: BID | 970[8]@1020000 | 480[9]@1025000 | 590[9]@1030000 | 350[9]@1035000 | 300[6]@1040000 || 190[9]@1060000 | 40[9]@1070000 | 60[3]@1080000 | 300[5]@1090000 | 90[6]@1100000 | ASK
BOOK_RESPONSE[9]: BID | NULL        | 970[8]@1020000 | 480[9]@1025000 | 590[9]@1030000 | 350[9]@1035000 || 190[9]@1060000 | 40[9]@1070000 | 60[3]@1080000 | 300[5]@1090000 | 90[6]@1100000 | ASK
BOOK_RESPONSE[9]: BID | 610[4]@1010000 | 970[8]@1020000 | 480[9]@1025000 | 590[9]@1030000 | 350[9]@1035000 || 190[9]@1060000 | 40[9]@1070000 | 60[3]@1080000 | 300[5]@1090000 | 90[6]@1100000 | ASK
BOOK_RESPONSE[9]: BID | 610[4]@1010000 | 970[8]@1020000 | 480[9]@1025000 | 590[9]@1030000 | 350[9]@1035000 || 320[7]@1055000 | 190[9]@1060000 | 40[9]@1070000 | 60[3]@1080000 | 300[5]@1090000 | ASK
BOOK_RESPONSE[9]: BID | NULL        | 610[4]@1010000 | 970[8]@1020000 | 480[9]@1025000 | 590[9]@1030000 || 320[7]@1055000 | 190[9]@1060000 | 40[9]@1070000 | 60[3]@1080000 | 300[5]@1090000 | ASK
BOOK_RESPONSE[9]: BID | 620[3]@1000000 | 610[4]@1010000 | 970[8]@1020000 | 480[9]@1025000 | 590[9]@1030000 || 320[7]@1055000 | 190[9]@1060000 | 40[9]@1070000 | 60[3]@1080000 | 300[5]@1090000 | ASK
BOOK_RESPONSE[9]: BID | 620[3]@1000000 | 610[4]@1010000 | 970[8]@1020000 | 480[9]@1025000 | 590[9]@1030000 || 350[4]@1050000 | 320[7]@1055000 | 190[9]@1060000 | 40[9]@1070000 | 60[3]@1080000 | ASK
BOOK_RESPONSE[9]: BID | NULL        | 620[3]@1000000 | 610[4]@1010000 | 970[8]@1020000 | 480[9]@1025000 || 350[4]@1050000 | 320[7]@1055000 | 190[9]@1060000 | 40[9]@1070000 | 60[3]@1080000 | ASK
BOOK_RESPONSE[9]: BID | 810[7]@990000 | 620[3]@1000000 | 610[4]@1010000 | 970[8]@1020000 | 480[9]@1025000 || 350[4]@1050000 | 320[7]@1055000 | 190[9]@1060000 | 40[9]@1070000 | 60[3]@1080000 | ASK
BOOK_RESPONSE[9]: BID | 810[7]@990000 | 620[3]@1000000 | 610[4]@1010000 | 970[8]@1020000 | 480[9]@1025000 || 320[3]@1045000 | 350[4]@1050000 | 320[7]@1055000 | 190[9]@1060000 | 40[9]@1070000 | ASK
BOOK_RESPONSE[9]: BID | NULL        | 810[7]@990000 | 620[3]@1000000 | 610[4]@1010000 | 970[8]@1020000 || 320[3]@1045000 | 350[4]@1050000 | 320[7]@1055000 | 190[9]@1060000 | 40[9]@1070000 | ASK
BOOK_RESPONSE[9]: BID | 500[4]@980000 | 810[7]@990000 | 620[3]@1000000 | 610[4]@1010000 | 970[8]@1020000 || 320[3]@1045000 | 350[4]@1050000 | 320[7]@1055000 | 190[9]@1060000 | 40[9]@1070000 | ASK
BOOK_RESPONSE[9]: BID | 500[4]@980000 | 810[7]@990000 | 620[3]@1000000 | 610[4]@1010000 | 970[8]@1020000 || 630[8]@1040000 | 320[3]@1045000 | 350[4]@1050000 | 320[7]@1055000 | 190[9]@1060000 | ASK
BOOK_RESPONSE[9]: BID | NULL        | 500[4]@980000 | 810[7]@990000 | 620[3]@1000000 | 610[4]@1010000 || 630[8]@1040000 | 320[3]@1045000 | 350[4]@1050000 | 320[7]@1055000 | 190[9]@1060000 | ASK
BOOK_RESPONSE[9]: BID | 730[1]@970000 | 500[4]@980000 | 810[7]@990000 | 620[3]@1000000 | 610[4]@1010000 || 630[8]@1040000 | 320[3]@1045000 | 350[4]@1050000 | 320[7]@1055000 | 190[9]@1060000 | ASK
BOOK_RESPONSE[9]: BID | 730[1]@970000 | 500[4]@980000 | 810[7]@990000 | 620[3]@1000000 | 610[4]@1010000 || 30[9]@1035000 | 630[8]@1040000 | 320[3]@1045000 | 350[4]@1050000 | 320[7]@1055000 | ASK
BOOK_RESPONSE[9]: BID | NULL        | 730[1]@970000 | 500[4]@980000 | 810[7]@990000 | 620[3]@1000000 || 30[9]@1035000 | 630[8]@1040000 | 320[3]@1045000 | 350[4]@1050000 | 320[7]@1055000 | ASK
BOOK_RESPONSE[9]: BID | 740[5]@960000 | 730[1]@970000 | 500[4]@980000 | 810[7]@990000 | 620[3]@1000000 || 30[9]@1035000 | 630[8]@1040000 | 320[3]@1045000 | 350[4]@1050000 | 320[7]@1055000 | ASK
BOOK_RESPONSE[9]: BID | 740[5]@960000 | 730[1]@970000 | 500[4]@980000 | 810[7]@990000 | 620[3]@1000000 || 390[6]@1030000 | 30[9]@1035000 | 630[8]@1040000 | 320[3]@1045000 | 350[4]@1050000 | ASK
BOOK_RESPONSE[9]: BID | NULL        | 740[5]@960000 | 730[1]@970000 | 500[4]@980000 | 810[7]@990000 || 390[6]@1030000 | 30[9]@1035000 | 630[8]@1040000 | 320[3]@1045000 | 350[4]@1050000 | ASK
BOOK_RESPONSE[9]: BID | 330[8]@950000 | 740[5]@960000 | 730[1]@970000 | 500[4]@980000 | 810[7]@990000 || 390[6]@1030000 | 30[9]@1035000 | 630[8]@1040000 | 320[3]@1045000 | 350[4]@1050000 | ASK
BOOK_RESPONSE[9]: BID | 330[8]@950000 | 740[5]@960000 | 730[1]@970000 | 500[4]@980000 | 810[7]@990000 || 770[7]@1025000 | 390[6]@1030000 | 30[9]@1035000 | 630[8]@1040000 | 320[3]@1045000 | ASK
BOOK_RESPONSE[9]: BID | NULL        | 330[8]@950000 | 740[5]@960000 | 730[1]@970000 | 500[4]@980000 || 770[7]@1025000 | 390[6]@1030000 | 30[9]@1035000 | 630[8]@1040000 | 320[3]@1045000 | ASK
BOOK_RESPONSE[9]: BID | 230[5]@940000 | 330[8]@950000 | 740[5]@960000 | 730[1]@970000 | 500[4]@980000 || 770[7]@1025000 | 390[6]@1030000 | 30[9]@1035000 | 630[8]@1040000 | 320[3]@1045000 | ASK
BOOK_RESPONSE[9]: BID | 230[5]@940000 | 330[8]@950000 | 740[5]@960000 | 730[1]@970000 | 500[4]@980000 || 760[5]@1020000 | 770[7]@1025000 | 390[6]@1030000 | 30[9]@1035000 | 630[8]@1040000 | ASK
--
STATUS: 
OB_STATUS= 0x0
OB_RX_OP= 0x36
OB_PROC_OP= 0x36
OB_INVALID_OP= 0x0
OB_GEN_RESP= 0x36
OB_TX_RESP= 0x36
OB_ADD_OP= 0x1c
OB_MODIFY_OP= 0xe
OB_DELETE_OP= 0xc
OB_TRANSACT_OP= 0x0
OB_HALT_OP= 0x0
OB_TIMESTAMP_ERR= 0x0
OB_OPCODE_ERR= 0x0
OB_SYMBOL_ERR= 0x0
OB_DIRECTION_ERR= 0x0
OB_LEVEL_ERR= 0x0
OB_RX_EVENT= 0x0
